[2020-09-26 00:24:47] local.ERROR: syntax error, unexpected ':', expecting '(' (View: /home/catherine/Documents/projects/kingburger/resources/views/user/cartdetails.blade.php) {"exception":"[object] (ErrorException(code: 0): syntax error, unexpected ':', expecting '(' (View: /home/catherine/Documents/projects/kingburger/resources/views/user/cartdetails.blade.php) at /home/catherine/Documents/projects/kingburger/storage/framework/views/75f44e483f5a80ea8cae2790d9a0e07bc18e1f3b.php:119, Symfony\\Component\\Debug\\Exception\\FatalThrowableError(code: 0): syntax error, unexpected ':', expecting '(' at /home/catherine/Documents/projects/kingburger/storage/framework/views/75f44e483f5a80ea8cae2790d9a0e07bc18e1f3b.php:119)
[stacktrace]
#0 /home/catherine/Documents/projects/kingburger/vendor/laravel/framework/src/Illuminate/View/Engines/PhpEngine.php(47): Illuminate\\View\\Engines\\CompilerEngine->handleViewException()
#1 /home/catherine/Documents/projects/kingburger/vendor/laravel/framework/src/Illuminate/View/Engines/CompilerEngine.php(59): Illuminate\\View\\Engines\\PhpEngine->evaluatePath()
#2 /home/catherine/Documents/projects/kingburger/vendor/laravel/framework/src/Illuminate/View/View.php(142): Illuminate\\View\\Engines\\CompilerEngine->get()
#3 /home/catherine/Documents/projects/kingburger/vendor/laravel/framework/src/Illuminate/View/View.php(125): Illuminate\\View\\View->getContents()
#4 /home/catherine/Documents/projects/kingburger/vendor/laravel/framework/src/Illuminate/View/View.php(90): Illuminate\\View\\View->renderContents()
#5 /home/catherine/Documents/projects/kingburger/vendor/laravel/framework/src/Illuminate/Http/Response.php(42): Illuminate\\View\\View->render()
#6 /home/catherine/Documents/projects/kingburger/vendor/symfony/http-foundation/Response.php(202): Illuminate\\Http\\Response->setContent()
#7 /home/catherine/Documents/projects/kingburger/vendor/laravel/framework/src/Illuminate/Routing/Router.php(748): Symfony\\Component\\HttpFoundation\\Response->__construct()
#8 /home/catherine/Documents/projects/kingburger/vendor/laravel/framework/src/Illuminate/Routing/Router.php(720): Illuminate\\Routing\\Router::toResponse()
#9 /home/catherine/Documents/projects/kingburger/vendor/laravel/framework/src/Illuminate/Routing/Router.php(680): Illuminate\\Routing\\Router->prepareResponse()
#10 /home/catherine/Documents/projects/kingburger/vendor/laravel/framework/src/Illuminate/Routing/Pipeline.php(30): Illuminate\\Routing\\Router->Illuminate\\Routing\\{closure}()
#11 /home/catherine/Documents/projects/kingburger/app/Http/Middleware/XSS.php(18): Illuminate\\Routing\\Pipeline->Illuminate\\Routing\\{closure}()
#12 /home/catherine/Documents/projects/kingburger/vendor/laravel/framework/src/Illuminate/Pipeline/Pipeline.php(163): App\\Http\\Middleware\\XSS->handle()
#13 /home/catherine/Documents/projects/kingburger/vendor/laravel/framework/src/Illuminate/Routing/Pipeline.php(53): Illuminate\\Pipeline\\Pipeline->Illuminate\\Pipeline\\{closure}()
#14 /home/catherine/Documents/projects/kingburger/app/Http/Middleware/Localization.php(23): Illuminate\\Routing\\Pipeline->Illuminate\\Routing\\{closure}()
#15 /home/catherine/Documents/projects/kingburger/vendor/laravel/framework/src/Illuminate/Pipeline/Pipeline.php(163): App\\Http\\Middleware\\Localization->handle()
#16 /home/catherine/Documents/projects/kingburger/vendor/laravel/framework/src/Illuminate/Routing/Pipeline.php(53): Illuminate\\Pipeline\\Pipeline->Illuminate\\Pipeline\\{closure}()
#17 /home/catherine/Documents/projects/kingburger/vendor/laravel/framework/src/Illuminate/Routing/Middleware/SubstituteBindings.php(41): Illuminate\\Routing\\Pipeline->Illuminate\\Routing\\{closure}()
#18 /home/catherine/Documents/projects/kingburger/vendor/laravel/framework/src/Illuminate/Pipeline/Pipeline.php(163): Illuminate\\Routing\\Middleware\\SubstituteBindings->handle()
#19 /home/catherine/Documents/projects/kingburger/vendor/laravel/framework/src/Illuminate/Routing/Pipeline.php(53): Illuminate\\Pipeline\\Pipeline->Illuminate\\Pipeline\\{closure}()
#20 /home/catherine/Documents/projects/kingburger/vendor/laravel/framework/src/Illuminate/View/Middleware/ShareErrorsFromSession.php(49): Illuminate\\Routing\\Pipeline->Illuminate\\Routing\\{closure}()
#21 /home/catherine/Documents/projects/kingburger/vendor/laravel/framework/src/Illuminate/Pipeline/Pipeline.php(163): Illuminate\\View\\Middleware\\ShareErrorsFromSession->handle()
#22 /home/catherine/Documents/projects/kingburger/vendor/laravel/framework/src/Illuminate/Routing/Pipeline.php(53): Illuminate\\Pipeline\\Pipeline->Illuminate\\Pipeline\\{closure}()
#23 /home/catherine/Documents/projects/kingburger/vendor/laravel/framework/src/Illuminate/Session/Middleware/StartSession.php(56): Illuminate\\Routing\\Pipeline->Illuminate\\Routing\\{closure}()
#24 /home/catherine/Documents/projects/kingburger/vendor/laravel/framework/src/Illuminate/Pipeline/Pipeline.php(163): Illuminate\\Session\\Middleware\\StartSession->handle()
#25 /home/catherine/Documents/projects/kingburger/vendor/laravel/framework/src/Illuminate/Routing/Pipeline.php(53): Illuminate\\Pipeline\\Pipeline->Illuminate\\Pipeline\\{closure}()
#26 /home/catherine/Documents/projects/kingburger/vendor/laravel/framework/src/Illuminate/Cookie/Middleware/AddQueuedCookiesToResponse.php(37): Illuminate\\Routing\\Pipeline->Illuminate\\Routing\\{closure}()
#27 /home/catherine/Documents/projects/kingburger/vendor/laravel/framework/src/Illuminate/Pipeline/Pipeline.php(163): Illuminate\\Cookie\\Middleware\\AddQueuedCookiesToResponse->handle()
#28 /home/catherine/Documents/projects/kingburger/vendor/laravel/framework/src/Illuminate/Routing/Pipeline.php(53): Illuminate\\Pipeline\\Pipeline->Illuminate\\Pipeline\\{closure}()
#29 /home/catherine/Documents/projects/kingburger/vendor/laravel/framework/src/Illuminate/Cookie/Middleware/EncryptCookies.php(66): Illuminate\\Routing\\Pipeline->Illuminate\\Routing\\{closure}()
#30 /home/catherine/Documents/projects/kingburger/vendor/laravel/framework/src/Illuminate/Pipeline/Pipeline.php(163): Illuminate\\Cookie\\Middleware\\EncryptCookies->handle()
#31 /home/catherine/Documents/projects/kingburger/vendor/laravel/framework/src/Illuminate/Routing/Pipeline.php(53): Illuminate\\Pipeline\\Pipeline->Illuminate\\Pipeline\\{closure}()
#32 /home/catherine/Documents/projects/kingburger/vendor/laravel/framework/src/Illuminate/Pipeline/Pipeline.php(104): Illuminate\\Routing\\Pipeline->Illuminate\\Routing\\{closure}()
#33 /home/catherine/Documents/projects/kingburger/vendor/laravel/framework/src/Illuminate/Routing/Router.php(682): Illuminate\\Pipeline\\Pipeline->then()
#34 /home/catherine/Documents/projects/kingburger/vendor/laravel/framework/src/Illuminate/Routing/Router.php(657): Illuminate\\Routing\\Router->runRouteWithinStack()
#35 /home/catherine/Documents/projects/kingburger/vendor/laravel/framework/src/Illuminate/Routing/Router.php(623): Illuminate\\Routing\\Router->runRoute()
#36 /home/catherine/Documents/projects/kingburger/vendor/laravel/framework/src/Illuminate/Routing/Router.php(612): Illuminate\\Routing\\Router->dispatchToRoute()
#37 /home/catherine/Documents/projects/kingburger/vendor/laravel/framework/src/Illuminate/Foundation/Http/Kernel.php(176): Illuminate\\Routing\\Router->dispatch()
#38 /home/catherine/Documents/projects/kingburger/vendor/laravel/framework/src/Illuminate/Routing/Pipeline.php(30): Illuminate\\Foundation\\Http\\Kernel->Illuminate\\Foundation\\Http\\{closure}()
#39 /home/catherine/Documents/projects/kingburger/vendor/fideloper/proxy/src/TrustProxies.php(57): Illuminate\\Routing\\Pipeline->Illuminate\\Routing\\{closure}()
#40 /home/catherine/Documents/projects/kingburger/vendor/laravel/framework/src/Illuminate/Pipeline/Pipeline.php(163): Fideloper\\Proxy\\TrustProxies->handle()
#41 /home/catherine/Documents/projects/kingburger/vendor/laravel/framework/src/Illuminate/Routing/Pipeline.php(53): Illuminate\\Pipeline\\Pipeline->Illuminate\\Pipeline\\{closure}()
#42 /home/catherine/Documents/projects/kingburger/vendor/laravel/framework/src/Illuminate/Foundation/Http/Middleware/TransformsRequest.php(21): Illuminate\\Routing\\Pipeline->Illuminate\\Routing\\{closure}()
#43 /home/catherine/Documents/projects/kingburger/vendor/laravel/framework/src/Illuminate/Pipeline/Pipeline.php(163): Illuminate\\Foundation\\Http\\Middleware\\TransformsRequest->handle()
#44 /home/catherine/Documents/projects/kingburger/vendor/laravel/framework/src/Illuminate/Routing/Pipeline.php(53): Illuminate\\Pipeline\\Pipeline->Illuminate\\Pipeline\\{closure}()
#45 /home/catherine/Documents/projects/kingburger/vendor/laravel/framework/src/Illuminate/Foundation/Http/Middleware/TransformsRequest.php(21): Illuminate\\Routing\\Pipeline->Illuminate\\Routing\\{closure}()
#46 /home/catherine/Documents/projects/kingburger/vendor/laravel/framework/src/Illuminate/Pipeline/Pipeline.php(163): Illuminate\\Foundation\\Http\\Middleware\\TransformsRequest->handle()
#47 /home/catherine/Documents/projects/kingburger/vendor/laravel/framework/src/Illuminate/Routing/Pipeline.php(53): Illuminate\\Pipeline\\Pipeline->Illuminate\\Pipeline\\{closure}()
#48 /home/catherine/Documents/projects/kingburger/vendor/laravel/framework/src/Illuminate/Foundation/Http/Middleware/ValidatePostSize.php(27): Illuminate\\Routing\\Pipeline->Illuminate\\Routing\\{closure}()
#49 /home/catherine/Documents/projects/kingburger/vendor/laravel/framework/src/Illuminate/Pipeline/Pipeline.php(163): Illuminate\\Foundation\\Http\\Middleware\\ValidatePostSize->handle()
#50 /home/catherine/Documents/projects/kingburger/vendor/laravel/framework/src/Illuminate/Routing/Pipeline.php(53): Illuminate\\Pipeline\\Pipeline->Illuminate\\Pipeline\\{closure}()
#51 /home/catherine/Documents/projects/kingburger/vendor/laravel/framework/src/Illuminate/Foundation/Http/Middleware/CheckForMaintenanceMode.php(62): Illuminate\\Routing\\Pipeline->Illuminate\\Routing\\{closure}()
#52 /home/catherine/Documents/projects/kingburger/vendor/laravel/framework/src/Illuminate/Pipeline/Pipeline.php(163): Illuminate\\Foundation\\Http\\Middleware\\CheckForMaintenanceMode->handle()
#53 /home/catherine/Documents/projects/kingburger/vendor/laravel/framework/src/Illuminate/Routing/Pipeline.php(53): Illuminate\\Pipeline\\Pipeline->Illuminate\\Pipeline\\{closure}()
#54 /home/catherine/Documents/projects/kingburger/vendor/laravel/framework/src/Illuminate/Pipeline/Pipeline.php(104): Illuminate\\Routing\\Pipeline->Illuminate\\Routing\\{closure}()
#55 /home/catherine/Documents/projects/kingburger/vendor/laravel/framework/src/Illuminate/Foundation/Http/Kernel.php(151): Illuminate\\Pipeline\\Pipeline->then()
#56 /home/catherine/Documents/projects/kingburger/vendor/laravel/framework/src/Illuminate/Foundation/Http/Kernel.php(116): Illuminate\\Foundation\\Http\\Kernel->sendRequestThroughRouter()
#57 /home/catherine/Documents/projects/kingburger/public/index.php(55): Illuminate\\Foundation\\Http\\Kernel->handle()
#58 /home/catherine/Documents/projects/kingburger/server.php(22): require_once('/home/catherine...')
#59 {main}
"} 
